[   37680ms] [ERROR] Failed to load resource: the server responded with a status of 404 (Not Found) @ http://localhost:5173/favicon.ico:0
[   37815ms] TypeError: Cannot read properties of undefined (reading 'maxTextureDimension2D')
    at WebGLCanvasContext.getMaxDrawingBufferSize (http://localhost:5173/node_modules/.vite/deps/chunk-4TH5JPNE.js?v=66f990c1:2095:52)
    at WebGLCanvasContext._handleResize (http://localhost:5173/node_modules/.vite/deps/chunk-4TH5JPNE.js?v=66f990c1:2185:62)
    at ResizeObserver.<anonymous> (http://localhost:5173/node_modules/.vite/deps/chunk-4TH5JPNE.js?v=66f990c1:2038:67)
[  129653ms] [ERROR] Failed to load resource: net::ERR_EMPTY_RESPONSE @ http://localhost:5173/src/ui/LayersPanel.tsx?t=1772830956684:0
[  129654ms] [ERROR] Failed to load resource: net::ERR_CONNECTION_RESET @ http://localhost:5173/src/ui/EventsPanel.tsx?t=1772830956598:0
[  129656ms] [ERROR] WebSocket connection to 'ws://localhost:5173/?token=kXF6otv6qlp0' failed: Error during WebSocket handshake: net::ERR_CONNECTION_RESET @ http://localhost:5173/@vite/client:801
[  129657ms] [ERROR] Failed to load resource: net::ERR_CONNECTION_RESET @ http://localhost:5173/src/ui/TrendingKeywordsPanel.tsx?t=1772830956743:0
[  129663ms] [ERROR] Failed to load resource: net::ERR_CONNECTION_RESET @ http://localhost:5173/src/ui/store.ts:0
[  129663ms] [ERROR] Failed to load resource: net::ERR_CONNECTION_RESET @ http://localhost:5173/src/data/pollEvents.ts:0
[  129664ms] [ERROR] Failed to load resource: net::ERR_CONNECTION_RESET @ http://localhost:5173/src/ui/MapView.tsx?t=1772830956605:0
[  129664ms] [ERROR] Failed to load resource: net::ERR_CONNECTION_RESET @ http://localhost:5173/src/ui/TopRiskRegionsPanel.tsx?t=1772830956640:0
[  129664ms] [ERROR] Failed to load resource: net::ERR_CONNECTION_RESET @ http://localhost:5173/src/ui/IntelligencePanel.tsx?t=1772830956740:0
[  129665ms] [ERROR] Failed to load resource: net::ERR_CONNECTION_REFUSED @ http://localhost:5173/src/ui/AirTrafficPanel.tsx?t=1772830956698:0
[  129668ms] [ERROR] WebSocket connection to 'ws://localhost:5173/?token=kXF6otv6qlp0' failed: Error in connection establishment: net::ERR_CONNECTION_REFUSED @ http://localhost:5173/@vite/client:814
[  129668ms] [ERROR] [vite] failed to connect to websocket.
your current setup:
  (browser) localhost:5173/ <--[HTTP]--> localhost:5173/ (server)
  (browser) localhost:5173/ <--[WebSocket (failing)]--> localhost:5173/ (server)
Check out your Vite / network configuration and https://vite.dev/config/server-options.html#server-hmr . @ http://localhost:5173/@vite/client:829
